\BOOKMARK [0][-]{chapter.1}{Introduction}{}% 1
\BOOKMARK [1][-]{section.1.1}{Motivation}{chapter.1}% 2
\BOOKMARK [2][-]{subsection.1.1.1}{Cold start problem with collaborative filtering methods}{section.1.1}% 3
\BOOKMARK [2][-]{subsection.1.1.2}{Problems with content based methods}{section.1.1}% 4
\BOOKMARK [2][-]{subsection.1.1.3}{Need for adaptive glossary}{section.1.1}% 5
\BOOKMARK [1][-]{section.1.2}{Structure of the Thesis}{chapter.1}% 6
\BOOKMARK [2][-]{subsection.1.2.1}{Convolutional neural network for feature extraction}{section.1.2}% 7
\BOOKMARK [2][-]{subsection.1.2.2}{ Recurrent neural network for temporal summarization of features}{section.1.2}% 8
\BOOKMARK [2][-]{subsection.1.2.3}{ classification }{section.1.2}% 9
\BOOKMARK [2][-]{subsection.1.2.4}{ supervised training on repository with aesthetic tags }{section.1.2}% 10
\BOOKMARK [1][-]{section.1.3}{Outline of the report}{chapter.1}% 11
\BOOKMARK [0][-]{chapter.2}{Formalisms}{}% 12
\BOOKMARK [1][-]{section.2.1}{Representation of music signal}{chapter.2}% 13
\BOOKMARK [2][-]{subsection.2.1.1}{ Discriminants of music signal - Harmonics and overtones }{section.2.1}% 14
\BOOKMARK [2][-]{subsection.2.1.2}{Sampling of continuous-time signal}{section.2.1}% 15
\BOOKMARK [2][-]{subsection.2.1.3}{Time-Frequency transformations}{section.2.1}% 16
\BOOKMARK [2][-]{subsection.2.1.4}{STFT, Mel-Spectrogram, Chromogram}{section.2.1}% 17
\BOOKMARK [1][-]{section.2.2}{Dimensionality Reduction}{chapter.2}% 18
\BOOKMARK [2][-]{subsection.2.2.1}{Basis Transformations - PCA, MFCC}{section.2.2}% 19
\BOOKMARK [2][-]{subsection.2.2.2}{Feature learning with stacked convolutions}{section.2.2}% 20
\BOOKMARK [1][-]{section.2.3}{Temporal pooling}{chapter.2}% 21
\BOOKMARK [2][-]{subsection.2.3.1}{Clustering}{section.2.3}% 22
\BOOKMARK [2][-]{subsection.2.3.2}{Recurrent Neural Networks}{section.2.3}% 23
\BOOKMARK [1][-]{section.2.4}{Classifier Training}{chapter.2}% 24
\BOOKMARK [0][-]{chapter.3}{Literature Dynamics and Model Selection }{}% 25
\BOOKMARK [1][-]{section.3.1}{Literature Review}{chapter.3}% 26
\BOOKMARK [2][-]{subsection.3.1.1}{From classifier to feature emphasis}{section.3.1}% 27
\BOOKMARK [2][-]{subsection.3.1.2}{From hand-crafting to feature learning}{section.3.1}% 28
\BOOKMARK [2][-]{subsection.3.1.3}{Transfer Learning by supervised pre-training}{section.3.1}% 29
\BOOKMARK [2][-]{subsection.3.1.4}{Convolutional Neural Networks}{section.3.1}% 30
\BOOKMARK [1][-]{section.3.2}{Model Selection}{chapter.3}% 31
\BOOKMARK [2][-]{subsection.3.2.1}{Transfer learning Vs MFCC}{section.3.2}% 32
\BOOKMARK [2][-]{subsection.3.2.2}{K-Means vs RNN}{section.3.2}% 33
\BOOKMARK [0][-]{chapter.4}{Experiments and Results}{}% 34
\BOOKMARK [1][-]{section.4.1}{Dataset and Evaluation}{chapter.4}% 35
\BOOKMARK [1][-]{section.4.2}{Experiments}{chapter.4}% 36
\BOOKMARK [1][-]{section.4.3}{Summary of Results}{chapter.4}% 37
\BOOKMARK [0][-]{Appendix.1.A}{}{}% 38
\BOOKMARK [1][-]{section.1.A.1}{Basis Transformation}{Appendix.1.A}% 39
\BOOKMARK [1][-]{section.1.A.2}{Convolution}{Appendix.1.A}% 40
\BOOKMARK [2][-]{subsection.1.A.2.1}{1D Convolution}{section.1.A.2}% 41
\BOOKMARK [2][-]{subsection.1.A.2.2}{2D Convolution}{section.1.A.2}% 42
\BOOKMARK [0][-]{chapter*.26}{Bibliography}{}% 43
